app/build/intermediates/manifest_merge_blame_file/debug/manifest-merger-blame-debug-report.txt
1<?xml version="1.0" encoding="utf-8"?>
2<manifest xmlns:android="http://schemas.android.com/apk/res/android"
3    package="com.example.teamproject"
4    android:versionCode="1"
5    android:versionName="1.0" >
6
7    <uses-sdk
8        android:minSdkVersion="27"
8-->src\main\AndroidManifest.xml
9        android:targetSdkVersion="29" />
9-->src\main\AndroidManifest.xml
10
11    <uses-permission android:name="android.permission.INTERNET" />
11-->src\main\AndroidManifest.xml:5:5-67
11-->src\main\AndroidManifest.xml:5:22-64
12    <uses-permission android:name="android.permission.MEDIA_CONTENT_CONTROL" />
12-->src\main\AndroidManifest.xml:6:5-79
12-->src\main\AndroidManifest.xml:6:22-77
13    <uses-permission android:name="android.permission.READ_EXTERNAL_STORAGE" />
13-->src\main\AndroidManifest.xml:7:5-79
13-->src\main\AndroidManifest.xml:7:22-77
14
15    <!-- Although the *SdkVersion is captured in gradle build files, this is required for non gradle builds -->
16    <!-- <uses-sdk android:minSdkVersion="14"/> -->
17    <uses-permission android:name="android.permission.ACCESS_NETWORK_STATE" />
17-->[com.google.firebase:firebase-database:19.1.0] AndroidManifest.xml:25:5-79
17-->[com.google.firebase:firebase-database:19.1.0] AndroidManifest.xml:25:22-76
18    <uses-permission android:name="android.permission.WAKE_LOCK" />
18-->[com.google.android.gms:play-services-measurement:17.2.0] AndroidManifest.xml:25:5-68
18-->[com.google.android.gms:play-services-measurement:17.2.0] AndroidManifest.xml:25:22-65
19    <uses-permission android:name="com.google.android.finsky.permission.BIND_GET_INSTALL_REFERRER_SERVICE" /> <!-- Required by older versions of Google Play services to create IID tokens -->
19-->[com.google.android.gms:play-services-measurement:17.2.0] AndroidManifest.xml:26:5-110
19-->[com.google.android.gms:play-services-measurement:17.2.0] AndroidManifest.xml:26:22-107
20    <uses-permission android:name="com.google.android.c2dm.permission.RECEIVE" />
20-->[com.google.firebase:firebase-iid:19.0.0] AndroidManifest.xml:26:5-82
20-->[com.google.firebase:firebase-iid:19.0.0] AndroidManifest.xml:26:22-79
21
22    <application
22-->src\main\AndroidManifest.xml:8:5-47:19
23        android:allowBackup="true"
23-->src\main\AndroidManifest.xml:9:9-35
24        android:appComponentFactory="androidx.core.app.CoreComponentFactory"
24-->[androidx.core:core:1.0.0] AndroidManifest.xml:22:18-86
25        android:debuggable="true"
26        android:icon="@mipmap/ic_launcher"
26-->src\main\AndroidManifest.xml:10:9-43
27        android:label="@string/app_name"
27-->src\main\AndroidManifest.xml:11:9-41
28        android:roundIcon="@mipmap/ic_launcher_round"
28-->src\main\AndroidManifest.xml:12:9-54
29        android:supportsRtl="true"
29-->src\main\AndroidManifest.xml:13:9-35
30        android:testOnly="true"
31        android:theme="@style/AppTheme" >
31-->src\main\AndroidManifest.xml:14:9-40
32        <activity
32-->src\main\AndroidManifest.xml:15:9-18:68
33            android:name="com.example.teamproject.Main2Activity"
33-->src\main\AndroidManifest.xml:16:13-42
34            android:label="@string/title_activity_main2"
34-->src\main\AndroidManifest.xml:17:13-57
35            android:theme="@style/AppTheme.NoActionBar" />
35-->src\main\AndroidManifest.xml:18:13-56
36        <activity android:name="com.example.teamproject.Play_beat_setting" />
36-->src\main\AndroidManifest.xml:19:9-64
36-->src\main\AndroidManifest.xml:19:19-52
37        <activity android:name="com.example.teamproject.ConcertActivity" />
37-->src\main\AndroidManifest.xml:20:9-62
37-->src\main\AndroidManifest.xml:20:19-50
38        <activity android:name="com.example.teamproject.SignUpActivity" >
38-->src\main\AndroidManifest.xml:21:9-32:20
38-->src\main\AndroidManifest.xml:21:19-49
39            <intent-filter>
39-->src\main\AndroidManifest.xml:22:13-31:29
40                <action android:name="android.intent.action.VIEW" />
40-->src\main\AndroidManifest.xml:23:17-69
40-->src\main\AndroidManifest.xml:23:25-66
41
42                <category android:name="android.intent.category.DEFAULT" />
42-->src\main\AndroidManifest.xml:25:17-76
42-->src\main\AndroidManifest.xml:25:27-73
43                <category android:name="android.intent.category.BROWSABLE" />
43-->src\main\AndroidManifest.xml:26:17-78
43-->src\main\AndroidManifest.xml:26:27-75
44
45                <data
45-->src\main\AndroidManifest.xml:28:17-30:45
46                    android:host="google.com"
46-->src\main\AndroidManifest.xml:29:21-46
47                    android:scheme="http" />
47-->src\main\AndroidManifest.xml:30:21-42
48            </intent-filter>
49        </activity>
50        <activity android:name="com.example.teamproject.LoginActivity" />
50-->src\main\AndroidManifest.xml:33:9-51
50-->src\main\AndroidManifest.xml:33:19-48
51        <activity android:name="com.example.teamproject.Play_beat" />
51-->src\main\AndroidManifest.xml:34:9-47
51-->src\main\AndroidManifest.xml:34:19-44
52        <activity android:name="com.example.teamproject.WriteBoradActivity" />
52-->src\main\AndroidManifest.xml:35:9-55
52-->src\main\AndroidManifest.xml:35:19-53
53        <activity android:name="com.example.teamproject.RecordActivity" />
53-->src\main\AndroidManifest.xml:36:9-51
53-->src\main\AndroidManifest.xml:36:19-49
54        <activity
54-->src\main\AndroidManifest.xml:37:9-39:53
55            android:name="com.example.teamproject.Play_piano"
55-->src\main\AndroidManifest.xml:38:13-39
56            android:screenOrientation="landscape" />
56-->src\main\AndroidManifest.xml:39:13-50
57        <activity android:name="com.example.teamproject.MainActivity" >
57-->src\main\AndroidManifest.xml:40:9-46:20
57-->src\main\AndroidManifest.xml:40:19-47
58            <intent-filter>
58-->src\main\AndroidManifest.xml:41:13-45:29
59                <action android:name="android.intent.action.MAIN" />
59-->src\main\AndroidManifest.xml:42:17-69
59-->src\main\AndroidManifest.xml:42:25-66
60
61                <category android:name="android.intent.category.LAUNCHER" />
61-->src\main\AndroidManifest.xml:44:17-77
61-->src\main\AndroidManifest.xml:44:27-74
62            </intent-filter>
63        </activity>
64
65        <service
65-->[com.google.firebase:firebase-database:19.1.0] AndroidManifest.xml:29:9-35:19
66            android:name="com.google.firebase.components.ComponentDiscoveryService"
66-->[com.google.firebase:firebase-database:19.1.0] AndroidManifest.xml:30:13-84
67            android:directBootAware="true"
67-->[com.google.firebase:firebase-common:19.1.0] AndroidManifest.xml:14:13-43
68            android:exported="false" >
68-->[com.google.firebase:firebase-database:19.1.0] AndroidManifest.xml:31:13-37
69            <meta-data
69-->[com.google.firebase:firebase-database:19.1.0] AndroidManifest.xml:32:13-34:85
70                android:name="com.google.firebase.components:com.google.firebase.database.DatabaseRegistrar"
70-->[com.google.firebase:firebase-database:19.1.0] AndroidManifest.xml:33:17-109
71                android:value="com.google.firebase.components.ComponentRegistrar" />
71-->[com.google.firebase:firebase-database:19.1.0] AndroidManifest.xml:34:17-82
72            <meta-data
72-->[com.google.firebase:firebase-storage:19.1.0] AndroidManifest.xml:33:13-35:85
73                android:name="com.google.firebase.components:com.google.firebase.storage.StorageRegistrar"
73-->[com.google.firebase:firebase-storage:19.1.0] AndroidManifest.xml:34:17-107
74                android:value="com.google.firebase.components.ComponentRegistrar" />
74-->[com.google.firebase:firebase-storage:19.1.0] AndroidManifest.xml:35:17-82
75            <meta-data
75-->[com.google.firebase:firebase-auth:19.1.0] AndroidManifest.xml:36:13-38:85
76                android:name="com.google.firebase.components:com.google.firebase.auth.FirebaseAuthRegistrar"
76-->[com.google.firebase:firebase-auth:19.1.0] AndroidManifest.xml:37:17-109
77                android:value="com.google.firebase.components.ComponentRegistrar" />
77-->[com.google.firebase:firebase-auth:19.1.0] AndroidManifest.xml:38:17-82
78            <meta-data
78-->[com.google.firebase:firebase-firestore:21.1.1] AndroidManifest.xml:20:13-22:85
79                android:name="com.google.firebase.components:com.google.firebase.firestore.FirestoreRegistrar"
79-->[com.google.firebase:firebase-firestore:21.1.1] AndroidManifest.xml:21:17-111
80                android:value="com.google.firebase.components.ComponentRegistrar" />
80-->[com.google.firebase:firebase-firestore:21.1.1] AndroidManifest.xml:22:17-82
81            <meta-data
81-->[com.google.android.gms:play-services-measurement-api:17.2.0] AndroidManifest.xml:30:13-32:85
82                android:name="com.google.firebase.components:com.google.firebase.analytics.connector.internal.AnalyticsConnectorRegistrar"
82-->[com.google.android.gms:play-services-measurement-api:17.2.0] AndroidManifest.xml:31:17-139
83                android:value="com.google.firebase.components.ComponentRegistrar" />
83-->[com.google.android.gms:play-services-measurement-api:17.2.0] AndroidManifest.xml:32:17-82
84            <meta-data
84-->[com.google.firebase:firebase-iid:19.0.0] AndroidManifest.xml:32:13-34:85
85                android:name="com.google.firebase.components:com.google.firebase.iid.Registrar"
85-->[com.google.firebase:firebase-iid:19.0.0] AndroidManifest.xml:33:17-96
86                android:value="com.google.firebase.components.ComponentRegistrar" />
86-->[com.google.firebase:firebase-iid:19.0.0] AndroidManifest.xml:34:17-82
87        </service>
88
89        <activity
89-->[com.google.firebase:firebase-auth:19.1.0] AndroidManifest.xml:24:9-31:50
90            android:name="com.google.firebase.auth.internal.FederatedSignInActivity"
90-->[com.google.firebase:firebase-auth:19.1.0] AndroidManifest.xml:25:13-85
91            android:excludeFromRecents="true"
91-->[com.google.firebase:firebase-auth:19.1.0] AndroidManifest.xml:26:13-46
92            android:exported="true"
92-->[com.google.firebase:firebase-auth:19.1.0] AndroidManifest.xml:27:13-36
93            android:launchMode="singleTask"
93-->[com.google.firebase:firebase-auth:19.1.0] AndroidManifest.xml:28:13-44
94            android:permission="com.google.firebase.auth.api.gms.permission.LAUNCH_FEDERATED_SIGN_IN"
94-->[com.google.firebase:firebase-auth:19.1.0] AndroidManifest.xml:29:13-102
95            android:theme="@android:style/Theme.Translucent.NoTitleBar" />
95-->[com.google.firebase:firebase-auth:19.1.0] AndroidManifest.xml:30:13-72
96        <activity
96-->[com.google.android.gms:play-services-auth:16.0.1] AndroidManifest.xml:23:9-27:75
97            android:name="com.google.android.gms.auth.api.signin.internal.SignInHubActivity"
97-->[com.google.android.gms:play-services-auth:16.0.1] AndroidManifest.xml:24:13-93
98            android:excludeFromRecents="true"
98-->[com.google.android.gms:play-services-auth:16.0.1] AndroidManifest.xml:25:13-46
99            android:exported="false"
99-->[com.google.android.gms:play-services-auth:16.0.1] AndroidManifest.xml:26:13-37
100            android:theme="@android:style/Theme.Translucent.NoTitleBar" />
100-->[com.google.android.gms:play-services-auth:16.0.1] AndroidManifest.xml:27:13-72
101        <!--
102            Service handling Google Sign-In user revocation. For apps that do not integrate with
103            Google Sign-In, this service will never be started.
104        -->
105        <service
105-->[com.google.android.gms:play-services-auth:16.0.1] AndroidManifest.xml:33:9-36:110
106            android:name="com.google.android.gms.auth.api.signin.RevocationBoundService"
106-->[com.google.android.gms:play-services-auth:16.0.1] AndroidManifest.xml:34:13-89
107            android:exported="true"
107-->[com.google.android.gms:play-services-auth:16.0.1] AndroidManifest.xml:35:13-36
108            android:permission="com.google.android.gms.auth.api.signin.permission.REVOCATION_NOTIFICATION" />
108-->[com.google.android.gms:play-services-auth:16.0.1] AndroidManifest.xml:36:13-107
109
110        <receiver
110-->[com.google.android.gms:play-services-measurement:17.2.0] AndroidManifest.xml:29:9-33:20
111            android:name="com.google.android.gms.measurement.AppMeasurementReceiver"
111-->[com.google.android.gms:play-services-measurement:17.2.0] AndroidManifest.xml:30:13-85
112            android:enabled="true"
112-->[com.google.android.gms:play-services-measurement:17.2.0] AndroidManifest.xml:31:13-35
113            android:exported="false" >
113-->[com.google.android.gms:play-services-measurement:17.2.0] AndroidManifest.xml:32:13-37
114        </receiver>
115        <receiver
115-->[com.google.android.gms:play-services-measurement:17.2.0] AndroidManifest.xml:34:9-42:20
116            android:name="com.google.android.gms.measurement.AppMeasurementInstallReferrerReceiver"
116-->[com.google.android.gms:play-services-measurement:17.2.0] AndroidManifest.xml:35:13-100
117            android:enabled="true"
117-->[com.google.android.gms:play-services-measurement:17.2.0] AndroidManifest.xml:36:13-35
118            android:exported="true"
118-->[com.google.android.gms:play-services-measurement:17.2.0] AndroidManifest.xml:37:13-36
119            android:permission="android.permission.INSTALL_PACKAGES" >
119-->[com.google.android.gms:play-services-measurement:17.2.0] AndroidManifest.xml:38:13-69
120            <intent-filter>
120-->[com.google.android.gms:play-services-measurement:17.2.0] AndroidManifest.xml:39:13-41:29
121                <action android:name="com.android.vending.INSTALL_REFERRER" />
121-->[com.google.android.gms:play-services-measurement:17.2.0] AndroidManifest.xml:40:17-79
121-->[com.google.android.gms:play-services-measurement:17.2.0] AndroidManifest.xml:40:25-76
122            </intent-filter>
123        </receiver>
124
125        <service
125-->[com.google.android.gms:play-services-measurement:17.2.0] AndroidManifest.xml:44:9-47:40
126            android:name="com.google.android.gms.measurement.AppMeasurementService"
126-->[com.google.android.gms:play-services-measurement:17.2.0] AndroidManifest.xml:45:13-84
127            android:enabled="true"
127-->[com.google.android.gms:play-services-measurement:17.2.0] AndroidManifest.xml:46:13-35
128            android:exported="false" />
128-->[com.google.android.gms:play-services-measurement:17.2.0] AndroidManifest.xml:47:13-37
129        <service
129-->[com.google.android.gms:play-services-measurement:17.2.0] AndroidManifest.xml:48:9-52:72
130            android:name="com.google.android.gms.measurement.AppMeasurementJobService"
130-->[com.google.android.gms:play-services-measurement:17.2.0] AndroidManifest.xml:49:13-87
131            android:enabled="true"
131-->[com.google.android.gms:play-services-measurement:17.2.0] AndroidManifest.xml:50:13-35
132            android:exported="false"
132-->[com.google.android.gms:play-services-measurement:17.2.0] AndroidManifest.xml:51:13-37
133            android:permission="android.permission.BIND_JOB_SERVICE" />
133-->[com.google.android.gms:play-services-measurement:17.2.0] AndroidManifest.xml:52:13-69
134
135        <receiver
135-->[com.google.firebase:firebase-iid:19.0.0] AndroidManifest.xml:37:9-44:20
136            android:name="com.google.firebase.iid.FirebaseInstanceIdReceiver"
136-->[com.google.firebase:firebase-iid:19.0.0] AndroidManifest.xml:38:13-78
137            android:exported="true"
137-->[com.google.firebase:firebase-iid:19.0.0] AndroidManifest.xml:39:13-36
138            android:permission="com.google.android.c2dm.permission.SEND" >
138-->[com.google.firebase:firebase-iid:19.0.0] AndroidManifest.xml:40:13-73
139            <intent-filter>
139-->[com.google.firebase:firebase-iid:19.0.0] AndroidManifest.xml:41:13-43:29
140                <action android:name="com.google.android.c2dm.intent.RECEIVE" />
140-->[com.google.firebase:firebase-iid:19.0.0] AndroidManifest.xml:42:17-81
140-->[com.google.firebase:firebase-iid:19.0.0] AndroidManifest.xml:42:25-78
141            </intent-filter>
142        </receiver>
143
144        <provider
144-->[com.google.firebase:firebase-common:19.1.0] AndroidManifest.xml:17:9-21:39
145            android:name="com.google.firebase.provider.FirebaseInitProvider"
145-->[com.google.firebase:firebase-common:19.1.0] AndroidManifest.xml:18:13-77
146            android:authorities="com.example.teamproject.firebaseinitprovider"
146-->[com.google.firebase:firebase-common:19.1.0] AndroidManifest.xml:19:13-72
147            android:exported="false"
147-->[com.google.firebase:firebase-common:19.1.0] AndroidManifest.xml:20:13-37
148            android:initOrder="100" />
148-->[com.google.firebase:firebase-common:19.1.0] AndroidManifest.xml:21:13-36
149
150        <activity
150-->[com.google.android.gms:play-services-base:17.1.0] AndroidManifest.xml:23:9-26:75
151            android:name="com.google.android.gms.common.api.GoogleApiActivity"
151-->[com.google.android.gms:play-services-base:17.1.0] AndroidManifest.xml:24:13-79
152            android:exported="false"
152-->[com.google.android.gms:play-services-base:17.1.0] AndroidManifest.xml:25:13-37
153            android:theme="@android:style/Theme.Translucent.NoTitleBar" />
153-->[com.google.android.gms:play-services-base:17.1.0] AndroidManifest.xml:26:13-72
154
155        <meta-data
155-->[com.google.android.gms:play-services-basement:17.0.0] AndroidManifest.xml:23:9-25:69
156            android:name="com.google.android.gms.version"
156-->[com.google.android.gms:play-services-basement:17.0.0] AndroidManifest.xml:24:13-58
157            android:value="@integer/google_play_services_version" />
157-->[com.google.android.gms:play-services-basement:17.0.0] AndroidManifest.xml:25:13-66
158    </application>
159
160</manifest>